<?xml version="1.0" encoding="UTF-8"?>
<coverage generated="1725894707231" clover="3.2.0">
  <project timestamp="1725894707231" name="All files">
    <metrics statements="27" coveredstatements="23" conditionals="8" coveredconditionals="7" methods="3" coveredmethods="2" elements="38" coveredelements="32" complexity="0" loc="27" ncloc="27" packages="1" files="2" classes="2"/>
    <file name="index.js" path="/Users/liujiaxi/Codebase/programming-learning/side_proj_of_book_modern_JS_lib_development/src/index.js">
      <metrics statements="20" coveredstatements="18" conditionals="7" coveredconditionals="6" methods="1" coveredmethods="1"/>
      <line num="1" count="1" type="stmt"/>
      <line num="2" count="13" type="cond" truecount="1" falsecount="0"/>
      <line num="3" count="13" type="cond" truecount="1" falsecount="0"/>
      <line num="4" count="11" type="stmt"/>
      <line num="5" count="11" type="stmt"/>
      <line num="6" count="2" type="cond" truecount="1" falsecount="0"/>
      <line num="7" count="13" type="cond" truecount="0" falsecount="1"/>
      <line num="8" count="0" type="stmt"/>
      <line num="9" count="0" type="stmt"/>
      <line num="10" count="2" type="cond" truecount="1" falsecount="0"/>
      <line num="11" count="2" type="stmt"/>
      <line num="12" count="13" type="cond" truecount="1" falsecount="0"/>
      <line num="13" count="4" type="stmt"/>
      <line num="14" count="4" type="stmt"/>
      <line num="15" count="4" type="stmt"/>
      <line num="16" count="4" type="stmt"/>
      <line num="17" count="2" type="cond" truecount="1" falsecount="0"/>
      <line num="18" count="2" type="stmt"/>
      <line num="19" count="2" type="stmt"/>
      <line num="20" count="1" type="stmt"/>
    </file>
    <file name="utils.js" path="/Users/liujiaxi/Codebase/programming-learning/side_proj_of_book_modern_JS_lib_development/src/utils.js">
      <metrics statements="7" coveredstatements="5" conditionals="1" coveredconditionals="1" methods="2" coveredmethods="1"/>
      <line num="1" count="1" type="cond" truecount="1" falsecount="0"/>
      <line num="2" count="15" type="stmt"/>
      <line num="3" count="15" type="stmt"/>
      <line num="4" count="1" type="stmt"/>
      <line num="5" count="1" type="stmt"/>
      <line num="6" count="0" type="stmt"/>
      <line num="7" count="0" type="stmt"/>
    </file>
  </project>
</coverage>
