{"/Users/liujiaxi/Codebase/programming-learning/side_proj_of_book_modern_JS_lib_development/src/index.js": {"path":"/Users/liujiaxi/Codebase/programming-learning/side_proj_of_book_modern_JS_lib_development/src/index.js","all":false,"statementMap":{"0":{"start":{"line":1,"column":0},"end":{"line":1,"column":36}},"1":{"start":{"line":2,"column":0},"end":{"line":2,"column":25}},"2":{"start":{"line":3,"column":0},"end":{"line":3,"column":33}},"3":{"start":{"line":4,"column":0},"end":{"line":4,"column":15}},"4":{"start":{"line":5,"column":0},"end":{"line":5,"column":3}},"5":{"start":{"line":6,"column":0},"end":{"line":6,"column":0}},"6":{"start":{"line":7,"column":0},"end":{"line":7,"column":32}},"7":{"start":{"line":8,"column":0},"end":{"line":8,"column":30}},"8":{"start":{"line":9,"column":0},"end":{"line":9,"column":3}},"9":{"start":{"line":10,"column":0},"end":{"line":10,"column":0}},"10":{"start":{"line":11,"column":0},"end":{"line":11,"column":23}},"11":{"start":{"line":12,"column":0},"end":{"line":12,"column":26}},"12":{"start":{"line":13,"column":0},"end":{"line":13,"column":57}},"13":{"start":{"line":14,"column":0},"end":{"line":14,"column":43}},"14":{"start":{"line":15,"column":0},"end":{"line":15,"column":5}},"15":{"start":{"line":16,"column":0},"end":{"line":16,"column":3}},"16":{"start":{"line":17,"column":0},"end":{"line":17,"column":0}},"17":{"start":{"line":18,"column":0},"end":{"line":18,"column":19}},"18":{"start":{"line":19,"column":0},"end":{"line":19,"column":1}},"19":{"start":{"line":20,"column":0},"end":{"line":20,"column":0}}},"s":{"0":1,"1":13,"2":13,"3":11,"4":11,"5":2,"6":13,"7":0,"8":0,"9":2,"10":2,"11":13,"12":4,"13":4,"14":4,"15":4,"16":2,"17":2,"18":2,"19":1},"branchMap":{"0":{"type":"branch","line":2,"loc":{"start":{"line":2,"column":0},"end":{"line":19,"column":1}},"locations":[{"start":{"line":2,"column":0},"end":{"line":19,"column":1}}]},"1":{"type":"branch","line":3,"loc":{"start":{"line":3,"column":32},"end":{"line":5,"column":3}},"locations":[{"start":{"line":3,"column":32},"end":{"line":5,"column":3}}]},"2":{"type":"branch","line":6,"loc":{"start":{"line":6,"column":-1},"end":{"line":7,"column":31}},"locations":[{"start":{"line":6,"column":-1},"end":{"line":7,"column":31}}]},"3":{"type":"branch","line":7,"loc":{"start":{"line":7,"column":31},"end":{"line":9,"column":3}},"locations":[{"start":{"line":7,"column":31},"end":{"line":9,"column":3}}]},"4":{"type":"branch","line":10,"loc":{"start":{"line":10,"column":-1},"end":{"line":12,"column":25}},"locations":[{"start":{"line":10,"column":-1},"end":{"line":12,"column":25}}]},"5":{"type":"branch","line":12,"loc":{"start":{"line":12,"column":25},"end":{"line":16,"column":3}},"locations":[{"start":{"line":12,"column":25},"end":{"line":16,"column":3}}]},"6":{"type":"branch","line":17,"loc":{"start":{"line":17,"column":-1},"end":{"line":19,"column":1}},"locations":[{"start":{"line":17,"column":-1},"end":{"line":19,"column":1}}]}},"b":{"0":[13],"1":[11],"2":[2],"3":[0],"4":[2],"5":[4],"6":[2]},"fnMap":{"0":{"name":"deepClone","decl":{"start":{"line":2,"column":0},"end":{"line":19,"column":1}},"loc":{"start":{"line":2,"column":0},"end":{"line":19,"column":1}},"line":2}},"f":{"0":13}}
,"/Users/liujiaxi/Codebase/programming-learning/side_proj_of_book_modern_JS_lib_development/src/utils.js": {"path":"/Users/liujiaxi/Codebase/programming-learning/side_proj_of_book_modern_JS_lib_development/src/utils.js","all":false,"statementMap":{"0":{"start":{"line":1,"column":0},"end":{"line":1,"column":31}},"1":{"start":{"line":2,"column":0},"end":{"line":2,"column":74}},"2":{"start":{"line":3,"column":0},"end":{"line":3,"column":1}},"3":{"start":{"line":4,"column":0},"end":{"line":4,"column":0}},"4":{"start":{"line":5,"column":0},"end":{"line":5,"column":29}},"5":{"start":{"line":6,"column":0},"end":{"line":6,"column":28}},"6":{"start":{"line":7,"column":0},"end":{"line":7,"column":1}}},"s":{"0":1,"1":15,"2":15,"3":1,"4":1,"5":0,"6":0},"branchMap":{"0":{"type":"branch","line":1,"loc":{"start":{"line":1,"column":7},"end":{"line":3,"column":1}},"locations":[{"start":{"line":1,"column":7},"end":{"line":3,"column":1}}]}},"b":{"0":[15]},"fnMap":{"0":{"name":"kindOf","decl":{"start":{"line":1,"column":7},"end":{"line":3,"column":1}},"loc":{"start":{"line":1,"column":7},"end":{"line":3,"column":1}},"line":1},"1":{"name":"easterEgg","decl":{"start":{"line":5,"column":7},"end":{"line":7,"column":1}},"loc":{"start":{"line":5,"column":7},"end":{"line":7,"column":1}},"line":5}},"f":{"0":15,"1":0}}
}
